[2025-04-17 19:15:51] Запуск скрипта main.py
Тест: Получение всех магазинов и сохранение всех товаров

Обработка геопозиции [1/9] - Координаты: 41.684314, 44.861377
Получение списка магазинов для координат 41.684314, 44.861377...
Найдено 360 магазинов для координат 41.684314, 44.861377
Добавлено 360 новых магазинов. Всего уникальных магазинов: 360

Обработка геопозиции [2/9] - Координаты: 41.784485, 44.751977
Получение списка магазинов для координат 41.784485, 44.751977...
Найдено 359 магазинов для координат 41.784485, 44.751977
Добавлено 71 новых магазинов. Всего уникальных магазинов: 431

Обработка геопозиции [3/9] - Координаты: 41.802451, 44.815643
Получение списка магазинов для координат 41.802451, 44.815643...
Найдено 359 магазинов для координат 41.802451, 44.815643
Добавлено 10 новых магазинов. Всего уникальных магазинов: 441

Обработка геопозиции [4/9] - Координаты: 41.75725, 44.788312
Получение списка магазинов для координат 41.75725, 44.788312...
Найдено 359 магазинов для координат 41.75725, 44.788312
Добавлено 2 новых магазинов. Всего уникальных магазинов: 443

Обработка геопозиции [5/9] - Координаты: 41.73211, 44.780438
Получение списка магазинов для координат 41.73211, 44.780438...
Найдено 359 магазинов для координат 41.73211, 44.780438
Добавлено 5 новых магазинов. Всего уникальных магазинов: 448

Обработка геопозиции [6/9] - Координаты: 41.719622, 44.738301
Получение списка магазинов для координат 41.719622, 44.738301...
Найдено 359 магазинов для координат 41.719622, 44.738301
Добавлено 8 новых магазинов. Всего уникальных магазинов: 456

Обработка геопозиции [7/9] - Координаты: 41.697471, 44.702784
Получение списка магазинов для координат 41.697471, 44.702784...
Найдено 359 магазинов для координат 41.697471, 44.702784
Добавлено 13 новых магазинов. Всего уникальных магазинов: 469

Обработка геопозиции [8/9] - Координаты: 52.213365, 21.020503
Получение списка магазинов для координат 52.213365, 21.020503...
Найдено 244 магазинов для координат 52.213365, 21.020503
Добавлено 244 новых магазинов. Всего уникальных магазинов: 713

Обработка геопозиции [9/9] - Координаты: 32.069608, 34.784772
Получение списка магазинов для координат 32.069608, 34.784772...
Найдено 374 магазинов для координат 32.069608, 34.784772
Добавлено 374 новых магазинов. Всего уникальных магазинов: 1087
Всего найдено 1087 уникальных магазинов, обрабатываем все:
1. Магазин: Wolt Market Isani (slug: wolt-market-isani)
2. Магазин: SPAR Varketili (slug: spar-varketili)
3. Магазин: Europroduct Gorgasali (slug: europroduct-gorgasali)
4. Магазин: Smart Pepela (slug: smart-pepela)
5. Магазин: IOLI Varketili (slug: ioli-varketili-dark-store)
6. Магазин: Magniti Gabriel Salosi (slug: magniti-ortachala)
7. Магазин: Best Market (slug: best-market)
8. Магазин: Zgapari Vazisubani (slug: zghapari-vazisubani)
9. Магазин: Carrefour Isani (slug: carrefour-isani)
10. Магазин: Belmart Ortachala (slug: belmart-ortachala)

Запуск параллельной обработки 1087 магазинов...

Магазин SPAR Varketili уже обновлялся недавно. Пропускаем.
Магазин Europroduct Gorgasali уже обновлялся недавно. Пропускаем.
Магазин Smart Pepela уже обновлялся недавно. Пропускаем.
Магазин IOLI Varketili уже обновлялся недавно. Пропускаем.
Магазин Magniti Gabriel Salosi уже обновлялся недавно. Пропускаем.
Магазин Best Market уже обновлялся недавно. Пропускаем.
Магазин Zgapari Vazisubani уже обновлялся недавно. Пропускаем.
Магазин Belmart Ortachala уже обновлялся недавно. Пропускаем.
Прогресс: [----------------------------------------] 0.1% (1/1087) | Прокси: 90:2, 48:2, 33:2, 217:2, 182:2, 73:2, 94:2, 108:2, 41:1, 101:1
Прогресс: [----------------------------------------] 0.2% (2/1087) | Прокси: 90:2, 48:2, 33:2, 217:2, 182:2, 73:2, 94:2, 108:2, 41:1, 101:1
Прогресс: [----------------------------------------] 0.3% (3/1087) | Прокси: 90:2, 48:2, 33:2, 217:2, 182:2, 73:2, 94:2, 108:2, 41:1, 101:1
Прогресс: [----------------------------------------] 0.4% (4/1087) | Прокси: 90:2, 48:2, 33:2, 217:2, 182:2, 73:2, 94:2, 108:2, 41:1, 101:1
Прогресс: [----------------------------------------] 0.5% (5/1087) | Прокси: 90:2, 48:2, 33:2, 217:2, 182:2, 73:2, 94:2, 108:2, 41:1, 101:1
Прогресс: [----------------------------------------] 0.6% (6/1087) | Прокси: 90:2, 48:2, 33:2, 217:2, 182:2, 73:2, 94:2, 108:2, 41:1, 101:1
Прогресс: [----------------------------------------] 0.6% (7/1087) | Прокси: 90:2, 48:2, 33:2, 217:2, 182:2, 73:2, 94:2, 108:2, 41:1, 101:1
Прогресс: [----------------------------------------] 0.7% (8/1087) | Прокси: 90:2, 48:2, 33:2, 217:2, 182:2, 73:2, 94:2, 108:2, 41:1, 101:1
Прогресс: [----------------------------------------] 0.8% (9/1087) | Прокси: 90:2, 48:2, 33:2, 217:2, 182:2, 73:2, 94:2, 108:2, 41:2, 101:1
Прогресс: [----------------------------------------] 0.9% (10/1087) | Прокси: 90:2, 48:2, 33:2, 217:2, 182:2, 73:2, 94:2, 108:2, 41:2, 101:2
Прогресс: [----------------------------------------] 1.0% (11/1087) | Прокси: 90:3, 48:2, 33:2, 217:2, 182:2, 73:2, 94:2, 108:2, 41:2, 101:2
Прогресс: [----------------------------------------] 1.1% (12/1087) | Прокси: 90:3, 48:3, 33:2, 217:2, 182:2, 73:2, 94:2, 108:2, 41:2, 101:2
Прогресс: [----------------------------------------] 1.2% (13/1087) | Прокси: 90:3, 48:3, 33:3, 217:2, 182:2, 73:2, 94:2, 108:2, 41:2, 101:2
Прогресс: [----------------------------------------] 1.3% (14/1087) | Прокси: 90:3, 48:3, 33:3, 217:3, 182:2, 73:2, 94:2, 108:2, 41:2, 101:2
Прогресс: [----------------------------------------] 1.4% (15/1087) | Прокси: 90:3, 48:3, 33:3, 217:3, 182:3, 73:2, 94:2, 108:2, 41:2, 101:2
Прогресс: [----------------------------------------] 1.5% (16/1087) | Прокси: 90:3, 48:3, 33:3, 217:3, 182:3, 73:3, 94:2, 108:2, 41:2, 101:2
Прогресс: [----------------------------------------] 1.6% (17/1087) | Прокси: 90:3, 48:3, 33:3, 217:3, 182:3, 73:3, 94:3, 108:2, 41:2, 101:2
Прогресс: [----------------------------------------] 1.7% (18/1087) | Прокси: 90:3, 48:3, 33:3, 217:3, 182:3, 73:3, 94:3, 108:3, 41:2, 101:2
Прогресс: [----------------------------------------] 1.7% (19/1087) | Прокси: 90:3, 48:3, 33:3, 217:3, 182:3, 73:3, 94:3, 108:3, 41:3, 101:2
Прогресс: [----------------------------------------] 1.8% (20/1087) | Прокси: 90:3, 48:3, 33:3, 217:3, 182:3, 73:3, 94:3, 108:3, 41:3, 101:3
Прогресс: [----------------------------------------] 1.9% (21/1087) | Прокси: 90:4, 48:3, 33:3, 217:3, 182:3, 73:3, 94:3, 108:3, 41:3, 101:3
Прогресс: [----------------------------------------] 2.0% (22/1087) | Прокси: 90:4, 48:4, 33:3, 217:3, 182:3, 73:3, 94:3, 108:3, 41:3, 101:3
Прогресс: [----------------------------------------] 2.1% (23/1087) | Прокси: 90:4, 48:4, 33:4, 217:3, 182:3, 73:3, 94:3, 108:3, 41:3, 101:3
Прогресс: [----------------------------------------] 2.2% (24/1087) | Прокси: 90:4, 48:4, 33:4, 217:4, 182:3, 73:3, 94:3, 108:3, 41:3, 101:3
Прогресс: [----------------------------------------] 2.3% (25/1087) | Прокси: 90:4, 48:4, 33:4, 217:4, 182:4, 73:3, 94:3, 108:3, 41:3, 101:3
Прогресс: [----------------------------------------] 2.4% (26/1087) | Прокси: 90:4, 48:4, 33:4, 217:4, 182:4, 73:4, 94:3, 108:3, 41:3, 101:3
Прогресс: [----------------------------------------] 2.5% (27/1087) | Прокси: 90:4, 48:4, 33:4, 217:4, 182:4, 73:4, 94:4, 108:3, 41:3, 101:3
Прогресс: [#---------------------------------------] 2.6% (28/1087) | Прокси: 90:4, 48:4, 33:4, 217:4, 182:4, 73:4, 94:4, 108:4, 41:3, 101:3
Прогресс: [#---------------------------------------] 2.7% (29/1087) | Прокси: 90:4, 48:4, 33:4, 217:4, 182:4, 73:4, 94:4, 108:4, 41:4, 101:3
Прогресс: [#---------------------------------------] 2.8% (30/1087) | Прокси: 90:4, 48:4, 33:4, 217:4, 182:4, 73:4, 94:4, 108:4, 41:4, 101:4
Прогресс: [#---------------------------------------] 2.9% (31/1087) | Прокси: 90:5, 48:4, 33:4, 217:4, 182:4, 73:4, 94:4, 108:4, 41:4, 101:4
Прогресс: [#---------------------------------------] 2.9% (32/1087) | Прокси: 90:5, 48:5, 33:4, 217:4, 182:4, 73:4, 94:4, 108:4, 41:4, 101:4
Прогресс: [#---------------------------------------] 3.0% (33/1087) | Прокси: 90:5, 48:5, 33:5, 217:4, 182:4, 73:4, 94:4, 108:4, 41:4, 101:4
Прогресс: [#---------------------------------------] 3.1% (34/1087) | Прокси: 90:5, 48:5, 33:5, 217:5, 182:4, 73:4, 94:4, 108:4, 41:4, 101:4
Прогресс: [#---------------------------------------] 3.2% (35/1087) | Прокси: 90:5, 48:5, 33:5, 217:5, 182:5, 73:4, 94:4, 108:4, 41:4, 101:4
Прогресс: [#---------------------------------------] 3.3% (36/1087) | Прокси: 90:5, 48:5, 33:5, 217:5, 182:5, 73:5, 94:4, 108:4, 41:4, 101:4
Прогресс: [#---------------------------------------] 3.4% (37/1087) | Прокси: 90:5, 48:5, 33:5, 217:5, 182:5, 73:5, 94:5, 108:4, 41:4, 101:4
Прогресс: [#---------------------------------------] 3.5% (38/1087) | Прокси: 90:5, 48:5, 33:5, 217:5, 182:5, 73:5, 94:5, 108:5, 41:4, 101:4
Прогресс: [#---------------------------------------] 3.6% (39/1087) | Прокси: 90:5, 48:5, 33:5, 217:5, 182:5, 73:5, 94:5, 108:5, 41:5, 101:4
Прогресс: [#---------------------------------------] 3.7% (40/1087) | Прокси: 90:5, 48:5, 33:5, 217:5, 182:5, 73:5, 94:5, 108:5, 41:5, 101:5
Прогресс: [#---------------------------------------] 3.8% (41/1087) | Прокси: 90:6, 48:5, 33:5, 217:5, 182:5, 73:5, 94:5, 108:5, 41:5, 101:5
Прогресс: [#---------------------------------------] 3.9% (42/1087) | Прокси: 90:6, 48:6, 33:5, 217:5, 182:5, 73:5, 94:5, 108:5, 41:5, 101:5
Прогресс: [#---------------------------------------] 4.0% (43/1087) | Прокси: 90:6, 48:6, 33:6, 217:5, 182:5, 73:5, 94:5, 108:5, 41:5, 101:5
Прогресс: [#---------------------------------------] 4.0% (44/1087) | Прокси: 90:6, 48:6, 33:6, 217:6, 182:5, 73:5, 94:5, 108:5, 41:5, 101:5
Прогресс: [#---------------------------------------] 4.1% (45/1087) | Прокси: 90:6, 48:6, 33:6, 217:6, 182:6, 73:5, 94:5, 108:5, 41:5, 101:5
Прогресс: [#---------------------------------------] 4.2% (46/1087) | Прокси: 90:6, 48:6, 33:6, 217:6, 182:6, 73:6, 94:5, 108:5, 41:5, 101:5ERROR:root:Неожиданная ошибка при выполнении запроса к https://consumer-api.wolt.com/consumer-api/consumer-assortment/v1/venues/slug/europroduct-zhvania/assortment/categories/slug/menucategory-239: [Errno None] Could not connect to proxy 185.111.24.48:8000 [None]
WARNING:root:Повторная попытка через 2.00 секунд (попытка 1/10)
ERROR:root:Неожиданная ошибка при выполнении запроса к https://consumer-api.wolt.com/consumer-api/consumer-assortment/v1/venues/slug/europroduct-zhvania/assortment/categories/slug/menucategory-111: [Errno None] Could not connect to proxy 185.111.24.48:8000 [None]
WARNING:root:Повторная попытка через 2.28 секунд (попытка 1/10)
ERROR:root:Неожиданная ошибка при выполнении запроса к https://consumer-api.wolt.com/consumer-api/consumer-assortment/v1/venues/slug/europroduct-zhvania/assortment/categories/slug/menucategory-136: [Errno None] Could not connect to proxy 185.111.24.48:8000 [None]
WARNING:root:Повторная попытка через 2.00 секунд (попытка 1/10)
ERROR:root:Неожиданная ошибка при выполнении запроса к https://consumer-api.wolt.com/consumer-api/consumer-assortment/v1/venues/slug/europroduct-zhvania/assortment/categories/slug/menucategory-239: [Errno None] Could not connect to proxy 185.111.24.48:8000 [None]
WARNING:root:Повторная попытка через 2.37 секунд (попытка 2/10)
ERROR:root:Неожиданная ошибка при выполнении запроса к https://consumer-api.wolt.com/consumer-api/consumer-assortment/v1/venues/slug/europroduct-zhvania/assortment/categories/slug/menucategory-136: [Errno None] Could not connect to proxy 185.111.24.48:8000 [None]
WARNING:root:Повторная попытка через 2.26 секунд (попытка 2/10)
ERROR:root:Неожиданная ошибка при выполнении запроса к https://consumer-api.wolt.com/consumer-api/consumer-assortment/v1/venues/slug/europroduct-zhvania/assortment/categories/slug/menucategory-111: [Errno None] Could not connect to proxy 185.111.24.48:8000 [None]
WARNING:root:Повторная попытка через 2.00 секунд (попытка 2/10)

Прогресс: [#---------------------------------------] 4.3% (47/1087) | Прокси: 90:6, 48:6, 33:6, 217:6, 182:6, 73:6, 94:6, 108:5, 41:5, 101:5
Прогресс: [#---------------------------------------] 4.4% (48/1087) | Прокси: 90:6, 48:6, 33:6, 217:6, 182:6, 73:6, 94:6, 108:6, 41:5, 101:5
Прогресс: [#---------------------------------------] 4.5% (49/1087) | Прокси: 90:6, 48:6, 33:6, 217:6, 182:6, 73:6, 94:6, 108:6, 41:6, 101:5
Прогресс: [#---------------------------------------] 4.6% (50/1087) | Прокси: 90:6, 48:6, 33:6, 217:6, 182:6, 73:6, 94:6, 108:6, 41:6, 101:6
Прогресс: [#---------------------------------------] 4.7% (51/1087) | Прокси: 90:7, 48:6, 33:6, 217:6, 182:6, 73:6, 94:6, 108:6, 41:6, 101:6
Прогресс: [#---------------------------------------] 4.8% (52/1087) | Прокси: 90:7, 48:7, 33:6, 217:6, 182:6, 73:6, 94:6, 108:6, 41:6, 101:6
Прогресс: [#---------------------------------------] 4.9% (53/1087) | Прокси: 90:7, 48:7, 33:7, 217:6, 182:6, 73:6, 94:6, 108:6, 41:6, 101:6
Прогресс: [#---------------------------------------] 5.0% (54/1087) | Прокси: 90:7, 48:7, 33:7, 217:7, 182:6, 73:6, 94:6, 108:6, 41:6, 101:6
Прогресс: [##--------------------------------------] 5.1% (55/1087) | Прокси: 90:7, 48:7, 33:7, 217:7, 182:7, 73:6, 94:6, 108:6, 41:6, 101:6
Прогресс: [##--------------------------------------] 5.2% (56/1087) | Прокси: 90:7, 48:7, 33:7, 217:7, 182:7, 73:7, 94:6, 108:6, 41:6, 101:6
Прогресс: [##--------------------------------------] 5.2% (57/1087) | Прокси: 90:7, 48:7, 33:7, 217:7, 182:7, 73:7, 94:7, 108:6, 41:6, 101:6
Прогресс: [##--------------------------------------] 5.3% (58/1087) | Прокси: 90:7, 48:7, 33:7, 217:7, 182:7, 73:7, 94:7, 108:7, 41:6, 101:6
Прогресс: [##--------------------------------------] 5.4% (59/1087) | Прокси: 90:7, 48:7, 33:7, 217:7, 182:7, 73:7, 94:7, 108:7, 41:7, 101:6
Прогресс: [##--------------------------------------] 5.5% (60/1087) | Прокси: 90:7, 48:7, 33:7, 217:7, 182:7, 73:7, 94:7, 108:7, 41:7, 101:7
Прогресс: [##--------------------------------------] 5.6% (61/1087) | Прокси: 90:8, 48:7, 33:7, 217:7, 182:7, 73:7, 94:7, 108:7, 41:7, 101:7
Прогресс: [##--------------------------------------] 5.7% (62/1087) | Прокси: 90:8, 48:8, 33:7, 217:7, 182:7, 73:7, 94:7, 108:7, 41:7, 101:7
Прогресс: [##--------------------------------------] 5.8% (63/1087) | Прокси: 90:8, 48:8, 33:8, 217:7, 182:7, 73:7, 94:7, 108:7, 41:7, 101:7
Прогресс: [##--------------------------------------] 5.9% (64/1087) | Прокси: 90:8, 48:8, 33:8, 217:8, 182:7, 73:7, 94:7, 108:7, 41:7, 101:7
Прогресс: [##--------------------------------------] 6.0% (65/1087) | Прокси: 90:8, 48:8, 33:8, 217:8, 182:8, 73:7, 94:7, 108:7, 41:7, 101:7
Прогресс: [##--------------------------------------] 6.1% (66/1087) | Прокси: 90:8, 48:8, 33:8, 217:8, 182:8, 73:8, 94:7, 108:7, 41:7, 101:7
Прогресс: [##--------------------------------------] 6.2% (67/1087) | Прокси: 90:8, 48:8, 33:8, 217:8, 182:8, 73:8, 94:8, 108:7, 41:7, 101:7
Прогресс: [##--------------------------------------] 6.3% (68/1087) | Прокси: 90:8, 48:8, 33:8, 217:8, 182:8, 73:8, 94:8, 108:8, 41:7, 101:7
Прогресс: [##--------------------------------------] 6.3% (69/1087) | Прокси: 90:8, 48:8, 33:8, 217:8, 182:8, 73:8, 94:8, 108:8, 41:8, 101:7
Прогресс: [##--------------------------------------] 6.4% (70/1087) | Прокси: 90:8, 48:8, 33:8, 217:8, 182:8, 73:8, 94:8, 108:8, 41:8, 101:8
Прогресс: [##--------------------------------------] 6.5% (71/1087) | Прокси: 90:9, 48:8, 33:8, 217:8, 182:8, 73:8, 94:8, 108:8, 41:8, 101:8
Прогресс: [##--------------------------------------] 6.6% (72/1087) | Прокси: 90:9, 48:9, 33:8, 217:8, 182:8, 73:8, 94:8, 108:8, 41:8, 101:8
Прогресс: [##--------------------------------------] 6.7% (73/1087) | Прокси: 90:9, 48:9, 33:9, 217:8, 182:8, 73:8, 94:8, 108:8, 41:8, 101:8
Прогресс: [##--------------------------------------] 6.8% (74/1087) | Прокси: 90:9, 48:9, 33:9, 217:9, 182:8, 73:8, 94:8, 108:8, 41:8, 101:8
Прогресс: [##--------------------------------------] 6.9% (75/1087) | Прокси: 90:9, 48:9, 33:9, 217:9, 182:9, 73:8, 94:8, 108:8, 41:8, 101:8
Прогресс: [##--------------------------------------] 7.0% (76/1087) | Прокси: 90:9, 48:9, 33:9, 217:9, 182:9, 73:9, 94:8, 108:8, 41:8, 101:8
Прогресс: [##--------------------------------------] 7.1% (77/1087) | Прокси: 90:9, 48:9, 33:9, 217:9, 182:9, 73:9, 94:9, 108:8, 41:8, 101:8
Прогресс: [##--------------------------------------] 7.2% (78/1087) | Прокси: 90:9, 48:9, 33:9, 217:9, 182:9, 73:9, 94:9, 108:9, 41:8, 101:8
Прогресс: [##--------------------------------------] 7.3% (79/1087) | Прокси: 90:9, 48:9, 33:9, 217:9, 182:9, 73:9, 94:9, 108:9, 41:9, 101:8
Прогресс: [##--------------------------------------] 7.4% (80/1087) | Прокси: 90:9, 48:9, 33:9, 217:9, 182:9, 73:9, 94:9, 108:9, 41:9, 101:9ERROR:root:Неожиданная ошибка при выполнении запроса к https://consumer-api.wolt.com/consumer-api/consumer-assortment/v1/venues/slug/zghapari/assortment/categories/slug/menucategory-100: [Errno None] Could not connect to proxy 138.59.4.101:9250 [None]
WARNING:root:Повторная попытка через 2.00 секунд (попытка 1/10)
ERROR:root:Неожиданная ошибка при выполнении запроса к https://consumer-api.wolt.com/consumer-api/consumer-assortment/v1/venues/slug/europroduct-politkovskaya/assortment/categories/slug/menucategory-126: [Errno None] Could not connect to proxy 138.219.123.41:9168 [None]
WARNING:root:Повторная попытка через 2.50 секунд (попытка 1/10)
ERROR:root:Неожиданная ошибка при выполнении запроса к https://consumer-api.wolt.com/consumer-api/consumer-assortment/v1/venues/slug/carrefour-saburtalo/assortment/categories/slug/menucategory-88: [Errno None] Could not connect to proxy 138.59.4.101:9250 [None]
WARNING:root:Повторная попытка через 2.00 секунд (попытка 1/10)

Прогресс: [##--------------------------------------] 7.5% (81/1087) | Прокси: 90:10, 48:9, 33:9, 217:9, 182:9, 73:9, 94:9, 108:9, 41:9, 101:9
Прогресс: [###-------------------------------------] 7.5% (82/1087) | Прокси: 90:10, 48:10, 33:9, 217:9, 182:9, 73:9, 94:9, 108:9, 41:9, 101:9
Прогресс: [###-------------------------------------] 7.6% (83/1087) | Прокси: 90:10, 48:10, 33:10, 217:9, 182:9, 73:9, 94:9, 108:9, 41:9, 101:9
[2025-04-17 19:36:27] Процесс остановлен вручную через административный интерфейс. Счетчики сброшены на 0.
Прогресс: [###-------------------------------------] 7.7% (84/1087) | Прокси: 90:10, 48:10, 33:10, 217:10, 182:9, 73:9, 94:9, 108:9, 41:9, 101:9